Flutter crash report.
Please report a bug at https://github.com/flutter/flutter/issues.

## command

flutter create .

## exception

PathExistsException: PathExistsException: Creation failed, path = 'C:\Users\ankit\OneDrive\Desktop\all_in_one_calculator\android\app\src\main\res\drawable' (OS Error: Cannot create a file when that file already exists.
, errno = 183)

```
#0      _Directory.createSync (dart:io/directory_impl.dart:146:7)
#1      _File.createSync (dart:io/file_impl.dart:340:14)
#2      ForwardingFile.createSync (package:file/src/forwarding/forwarding_file.dart:26:16)
#3      ErrorHandlingFile.createSync.<anonymous closure> (package:flutter_tools/src/base/error_handling_io.dart:265:22)
#4      _runSync (package:flutter_tools/src/base/error_handling_io.dart:550:14)
#5      ErrorHandlingFile.createSync (package:flutter_tools/src/base/error_handling_io.dart:264:5)
#6      Template.render.<anonymous closure> (package:flutter_tools/src/template.dart:351:28)
#7      _LinkedHashMapMixin.forEach (dart:_compact_hash:763:13)
#8      Template.render (package:flutter_tools/src/template.dart:311:24)
#9      CreateBase.renderMerged (package:flutter_tools/src/commands/create_base.dart:455:21)
<asynchronous suspension>
#10     CreateBase.generateApp (package:flutter_tools/src/commands/create_base.dart:478:23)
<asynchronous suspension>
#11     CreateCommand.runCommand (package:flutter_tools/src/commands/create.dart:467:31)
<asynchronous suspension>
#12     FlutterCommand.run.<anonymous closure> (package:flutter_tools/src/runner/flutter_command.dart:1558:27)
<asynchronous suspension>
#13     AppContext.run.<anonymous closure> (package:flutter_tools/src/base/context.dart:154:19)
<asynchronous suspension>
#14     CommandRunner.runCommand (package:args/command_runner.dart:212:13)
<asynchronous suspension>
#15     FlutterCommandRunner.runCommand.<anonymous closure> (package:flutter_tools/src/runner/flutter_command_runner.dart:496:9)
<asynchronous suspension>
#16     AppContext.run.<anonymous closure> (package:flutter_tools/src/base/context.dart:154:19)
<asynchronous suspension>
#17     FlutterCommandRunner.runCommand (package:flutter_tools/src/runner/flutter_command_runner.dart:431:5)
<asynchronous suspension>
#18     run.<anonymous closure>.<anonymous closure> (package:flutter_tools/runner.dart:98:11)
<asynchronous suspension>
#19     AppContext.run.<anonymous closure> (package:flutter_tools/src/base/context.dart:154:19)
<asynchronous suspension>
#20     main (package:flutter_tools/executable.dart:99:3)
<asynchronous suspension>
```

## flutter doctor

```
[32m[✓][39m Flutter (Channel stable, 3.29.2, on Microsoft Windows [Version 10.0.22631.5039], locale en-US) [2.3s]
    [32m•[39m Flutter version 3.29.2 on channel stable at C:\flutter_windows_3.29.2-stable\flutter
    [32m•[39m Upstream repository https://github.com/flutter/flutter.git
    [32m•[39m Framework revision c236373904 (10 days ago), 2025-03-13 16:17:06 -0400
    [32m•[39m Engine revision 18b71d647a
    [32m•[39m Dart version 3.7.2
    [32m•[39m DevTools version 2.42.3

[32m[✓][39m Windows Version (11 Home Single Language 64-bit, 23H2, 2009) [3.7s]

[31m[✗][39m Android toolchain - develop for Android devices [1,268ms]
    [31m✗[39m Unable to locate Android SDK.
      Install Android Studio from: https://developer.android.com/studio/index.html
      On first launch it will assist you in installing the Android SDK components.
      (or visit https://flutter.dev/to/windows-android-setup for detailed instructions).
      If the Android SDK has been installed to a custom location, please use
      `flutter config --android-sdk` to update to that location.


[32m[✓][39m Chrome - develop for the web [1,248ms]
    [32m•[39m Chrome at C:\Program Files\Google\Chrome\Application\chrome.exe

[31m[✗][39m Visual Studio - develop Windows apps [1,246ms]
    [31m✗[39m Visual Studio not installed; this is necessary to develop Windows apps.
      Download at https://visualstudio.microsoft.com/downloads/.
      Please install the "Desktop development with C++" workload, including all of its default components

[33m[!][39m Android Studio (not installed) [18ms]
    [32m•[39m Android Studio not found; download from https://developer.android.com/studio/index.html
      (or visit https://flutter.dev/to/windows-android-setup for detailed instructions).

[32m[✓][39m VS Code (version 1.98.2) [18ms]
    [32m•[39m VS Code at C:\Users\ankit\AppData\Local\Programs\Microsoft VS Code
    [32m•[39m Flutter extension version 3.106.0

[32m[✓][39m Connected device (3 available) [674ms]
    [32m•[39m Windows (desktop) • windows • windows-x64    • Microsoft Windows [Version 10.0.22631.5039]
    [32m•[39m Chrome (web)      • chrome  • web-javascript • Google Chrome 134.0.6998.118
    [32m•[39m Edge (web)        • edge    • web-javascript • Microsoft Edge 134.0.3124.83

[32m[✓][39m Network resources [961ms]
    [32m•[39m All expected network resources are available.

[33m![39m Doctor found issues in 3 categories.
```
